[2025-12-01 09:19:56Z INFO HostContext] No proxy settings were found based on environmental variables (http_proxy/https_proxy/HTTP_PROXY/HTTPS_PROXY)
[2025-12-01 09:19:56Z INFO HostContext] Well known directory 'Bin': 'D:\Code\PythonProjects\my-baidu-scholar-crawler\actions-runner\bin'
[2025-12-01 09:19:56Z INFO HostContext] Well known directory 'Root': 'D:\Code\PythonProjects\my-baidu-scholar-crawler\actions-runner'
[2025-12-01 09:19:56Z INFO HostContext] Well known config file 'Credentials': 'D:\Code\PythonProjects\my-baidu-scholar-crawler\actions-runner\.credentials'
[2025-12-01 09:19:56Z INFO HostContext] Well known directory 'Bin': 'D:\Code\PythonProjects\my-baidu-scholar-crawler\actions-runner\bin'
[2025-12-01 09:19:56Z INFO HostContext] Well known directory 'Root': 'D:\Code\PythonProjects\my-baidu-scholar-crawler\actions-runner'
[2025-12-01 09:19:56Z INFO HostContext] Well known config file 'Runner': 'D:\Code\PythonProjects\my-baidu-scholar-crawler\actions-runner\.runner'
[2025-12-01 09:19:56Z INFO Listener] Runner is built for Windows (X64) - win-x64.
[2025-12-01 09:19:56Z INFO Listener] RuntimeInformation: Microsoft Windows 10.0.22635.
[2025-12-01 09:19:56Z INFO Listener] Version: 2.329.0
[2025-12-01 09:19:56Z INFO Listener] Commit: c76c59996c8fa32e989164a5a695efb12608ae5a
[2025-12-01 09:19:56Z INFO Listener] Culture: zh-CN
[2025-12-01 09:19:56Z INFO Listener] UI Culture: zh-CN
[2025-12-01 09:19:56Z INFO HostContext] Well known directory 'Bin': 'D:\Code\PythonProjects\my-baidu-scholar-crawler\actions-runner\bin'
[2025-12-01 09:19:56Z INFO HostContext] Well known directory 'Root': 'D:\Code\PythonProjects\my-baidu-scholar-crawler\actions-runner'
[2025-12-01 09:19:56Z INFO Listener] Validating directory permissions for: 'D:\Code\PythonProjects\my-baidu-scholar-crawler\actions-runner'
[2025-12-01 09:19:56Z INFO CommandLineParser] Parse
[2025-12-01 09:19:56Z INFO CommandLineParser] Parsing 5 args
[2025-12-01 09:19:56Z INFO CommandLineParser] parsing argument
[2025-12-01 09:19:56Z INFO CommandLineParser] HasArgs: False
[2025-12-01 09:19:56Z INFO CommandLineParser] Adding Command: configure
[2025-12-01 09:19:56Z INFO CommandLineParser] parsing argument
[2025-12-01 09:19:56Z INFO CommandLineParser] HasArgs: True
[2025-12-01 09:19:56Z INFO CommandLineParser] arg: url
[2025-12-01 09:19:56Z INFO CommandLineParser] parsing argument
[2025-12-01 09:19:56Z INFO CommandLineParser] HasArgs: True
[2025-12-01 09:19:56Z INFO CommandLineParser] Adding option 'url': 'https://github.com/October003/my-baidu-scholar-crawler'
[2025-12-01 09:19:56Z INFO CommandLineParser] parsing argument
[2025-12-01 09:19:56Z INFO CommandLineParser] HasArgs: True
[2025-12-01 09:19:56Z INFO CommandLineParser] arg: token
[2025-12-01 09:19:56Z INFO CommandLineParser] parsing argument
[2025-12-01 09:19:56Z INFO CommandLineParser] HasArgs: True
[2025-12-01 09:19:56Z INFO CommandLineParser] Adding option 'token': '***'
[2025-12-01 09:19:56Z INFO Listener] Arguments parsed
[2025-12-01 09:19:56Z INFO Runner] ExecuteCommand
[2025-12-01 09:19:56Z INFO ConfigurationStore] currentAssemblyLocation: D:\Code\PythonProjects\my-baidu-scholar-crawler\actions-runner\bin\Runner.Listener.dll
[2025-12-01 09:19:56Z INFO HostContext] Well known directory 'Bin': 'D:\Code\PythonProjects\my-baidu-scholar-crawler\actions-runner\bin'
[2025-12-01 09:19:56Z INFO ConfigurationStore] binPath: D:\Code\PythonProjects\my-baidu-scholar-crawler\actions-runner\bin
[2025-12-01 09:19:56Z INFO HostContext] Well known directory 'Bin': 'D:\Code\PythonProjects\my-baidu-scholar-crawler\actions-runner\bin'
[2025-12-01 09:19:56Z INFO HostContext] Well known directory 'Root': 'D:\Code\PythonProjects\my-baidu-scholar-crawler\actions-runner'
[2025-12-01 09:19:56Z INFO ConfigurationStore] RootFolder: D:\Code\PythonProjects\my-baidu-scholar-crawler\actions-runner
[2025-12-01 09:19:56Z INFO HostContext] Well known directory 'Bin': 'D:\Code\PythonProjects\my-baidu-scholar-crawler\actions-runner\bin'
[2025-12-01 09:19:56Z INFO HostContext] Well known directory 'Root': 'D:\Code\PythonProjects\my-baidu-scholar-crawler\actions-runner'
[2025-12-01 09:19:56Z INFO HostContext] Well known config file 'Runner': 'D:\Code\PythonProjects\my-baidu-scholar-crawler\actions-runner\.runner'
[2025-12-01 09:19:56Z INFO ConfigurationStore] ConfigFilePath: D:\Code\PythonProjects\my-baidu-scholar-crawler\actions-runner\.runner
[2025-12-01 09:19:56Z INFO HostContext] Well known directory 'Bin': 'D:\Code\PythonProjects\my-baidu-scholar-crawler\actions-runner\bin'
[2025-12-01 09:19:56Z INFO HostContext] Well known directory 'Root': 'D:\Code\PythonProjects\my-baidu-scholar-crawler\actions-runner'
[2025-12-01 09:19:56Z INFO HostContext] Well known config file 'MigratedRunner': 'D:\Code\PythonProjects\my-baidu-scholar-crawler\actions-runner\.runner_migrated'
[2025-12-01 09:19:56Z INFO ConfigurationStore] MigratedConfigFilePath: D:\Code\PythonProjects\my-baidu-scholar-crawler\actions-runner\.runner_migrated
[2025-12-01 09:19:56Z INFO HostContext] Well known directory 'Bin': 'D:\Code\PythonProjects\my-baidu-scholar-crawler\actions-runner\bin'
[2025-12-01 09:19:56Z INFO HostContext] Well known directory 'Root': 'D:\Code\PythonProjects\my-baidu-scholar-crawler\actions-runner'
[2025-12-01 09:19:56Z INFO HostContext] Well known config file 'Credentials': 'D:\Code\PythonProjects\my-baidu-scholar-crawler\actions-runner\.credentials'
[2025-12-01 09:19:56Z INFO ConfigurationStore] CredFilePath: D:\Code\PythonProjects\my-baidu-scholar-crawler\actions-runner\.credentials
[2025-12-01 09:19:56Z INFO HostContext] Well known directory 'Bin': 'D:\Code\PythonProjects\my-baidu-scholar-crawler\actions-runner\bin'
[2025-12-01 09:19:56Z INFO HostContext] Well known directory 'Root': 'D:\Code\PythonProjects\my-baidu-scholar-crawler\actions-runner'
[2025-12-01 09:19:56Z INFO HostContext] Well known config file 'MigratedCredentials': 'D:\Code\PythonProjects\my-baidu-scholar-crawler\actions-runner\.credentials_migrated'
[2025-12-01 09:19:56Z INFO ConfigurationStore] MigratedCredFilePath: D:\Code\PythonProjects\my-baidu-scholar-crawler\actions-runner\.credentials_migrated
[2025-12-01 09:19:56Z INFO HostContext] Well known directory 'Bin': 'D:\Code\PythonProjects\my-baidu-scholar-crawler\actions-runner\bin'
[2025-12-01 09:19:56Z INFO HostContext] Well known directory 'Root': 'D:\Code\PythonProjects\my-baidu-scholar-crawler\actions-runner'
[2025-12-01 09:19:56Z INFO HostContext] Well known config file 'Service': 'D:\Code\PythonProjects\my-baidu-scholar-crawler\actions-runner\.service'
[2025-12-01 09:19:56Z INFO ConfigurationStore] ServiceConfigFilePath: D:\Code\PythonProjects\my-baidu-scholar-crawler\actions-runner\.service
[2025-12-01 09:19:56Z INFO CommandSettings] Flag 'help': 'False'
[2025-12-01 09:19:56Z INFO CommandSettings] Flag 'version': 'False'
[2025-12-01 09:19:56Z INFO CommandSettings] Flag 'commit': 'False'
[2025-12-01 09:19:56Z INFO CommandSettings] Flag 'check': 'False'
[2025-12-01 09:19:56Z INFO CommandSettings] Command 'configure': 'True'
[2025-12-01 09:19:56Z INFO Terminal] WRITE LINE: 
[2025-12-01 09:19:56Z INFO Terminal] WRITE LINE: --------------------------------------------------------------------------------
[2025-12-01 09:19:56Z INFO Terminal] WRITE LINE: |        ____ _ _   _   _       _          _        _   _                      |
[2025-12-01 09:19:56Z INFO Terminal] WRITE LINE: |       / ___(_) |_| | | |_   _| |__      / \   ___| |_(_) ___  _ __  ___      |
[2025-12-01 09:19:56Z INFO Terminal] WRITE LINE: |      | |  _| | __| |_| | | | | '_ \    / _ \ / __| __| |/ _ \| '_ \/ __|     |
[2025-12-01 09:19:56Z INFO Terminal] WRITE LINE: |      | |_| | | |_|  _  | |_| | |_) |  / ___ \ (__| |_| | (_) | | | \__ \     |
[2025-12-01 09:19:56Z INFO Terminal] WRITE LINE: |       \____|_|\__|_| |_|\__,_|_.__/  /_/   \_\___|\__|_|\___/|_| |_|___/     |
[2025-12-01 09:19:56Z INFO Terminal] WRITE LINE: |                                                                              |
[2025-12-01 09:19:56Z INFO Terminal] WRITE: |                       
[2025-12-01 09:19:56Z INFO Terminal] WRITE: Self-hosted runner registration
[2025-12-01 09:19:56Z INFO Terminal] WRITE LINE:                         |
[2025-12-01 09:19:56Z INFO Terminal] WRITE LINE: |                                                                              |
[2025-12-01 09:19:56Z INFO Terminal] WRITE LINE: --------------------------------------------------------------------------------
[2025-12-01 09:19:56Z INFO ConfigurationManager] ConfigureAsync
[2025-12-01 09:19:56Z INFO CommandSettings] Flag 'generateServiceConfig': 'False'
[2025-12-01 09:19:56Z INFO ConfigurationStore] IsConfigured()
[2025-12-01 09:19:56Z INFO ConfigurationStore] IsConfigured: False
[2025-12-01 09:19:56Z INFO ConfigurationManager] Is configured: False
[2025-12-01 09:19:56Z INFO CommandSettings] Arg 'url': 'https://github.com/October003/my-baidu-scholar-crawler'
[2025-12-01 09:19:56Z INFO CommandSettings] Remove url from Arg dictionary.
[2025-12-01 09:19:56Z INFO CommandSettings] Arg 'token': '***'
[2025-12-01 09:19:56Z INFO CommandSettings] Remove token from Arg dictionary.
[2025-12-01 09:19:58Z ERR  Terminal] WRITE ERROR: Http response code: NotFound from 'POST https://api.github.com/actions/runner-registration' (Request Id: E2A0:376168:2682B5C:2F39C3B:692D5DBD)
[2025-12-01 09:19:58Z ERR  Terminal] WRITE ERROR: {"message":"Not Found","documentation_url":"https://docs.github.com/rest","status":"404"}
[2025-12-01 09:19:58Z ERR  Runner] System.Net.Http.HttpRequestException: Response status code does not indicate success: 404 (Not Found).
   at System.Net.Http.HttpResponseMessage.EnsureSuccessStatusCode()
   at GitHub.Runner.Listener.Configuration.ConfigurationManager.GetTenantCredential(String githubUrl, String githubToken, String runnerEvent)
   at GitHub.Runner.Listener.Configuration.ConfigurationManager.ConfigureAsync(CommandSettings command)
   at GitHub.Runner.Listener.Runner.ExecuteCommand(CommandSettings command)
[2025-12-01 09:19:58Z ERR  Terminal] WRITE ERROR: Response status code does not indicate success: 404 (Not Found).
[2025-12-01 09:19:58Z INFO Listener] Runner execution has finished with return code 1
