[2025-12-01 09:25:54Z INFO HostContext] No proxy settings were found based on environmental variables (http_proxy/https_proxy/HTTP_PROXY/HTTPS_PROXY)
[2025-12-01 09:25:54Z INFO HostContext] Well known directory 'Bin': 'D:\Code\PythonProjects\my-baidu-scholar-crawler\actions-runner\bin'
[2025-12-01 09:25:54Z INFO HostContext] Well known directory 'Root': 'D:\Code\PythonProjects\my-baidu-scholar-crawler\actions-runner'
[2025-12-01 09:25:54Z INFO HostContext] Well known config file 'Credentials': 'D:\Code\PythonProjects\my-baidu-scholar-crawler\actions-runner\.credentials'
[2025-12-01 09:25:54Z INFO HostContext] Well known directory 'Bin': 'D:\Code\PythonProjects\my-baidu-scholar-crawler\actions-runner\bin'
[2025-12-01 09:25:54Z INFO HostContext] Well known directory 'Root': 'D:\Code\PythonProjects\my-baidu-scholar-crawler\actions-runner'
[2025-12-01 09:25:54Z INFO HostContext] Well known config file 'Runner': 'D:\Code\PythonProjects\my-baidu-scholar-crawler\actions-runner\.runner'
[2025-12-01 09:25:54Z INFO Listener] Runner is built for Windows (X64) - win-x64.
[2025-12-01 09:25:54Z INFO Listener] RuntimeInformation: Microsoft Windows 10.0.22635.
[2025-12-01 09:25:54Z INFO Listener] Version: 2.329.0
[2025-12-01 09:25:54Z INFO Listener] Commit: c76c59996c8fa32e989164a5a695efb12608ae5a
[2025-12-01 09:25:54Z INFO Listener] Culture: zh-CN
[2025-12-01 09:25:54Z INFO Listener] UI Culture: zh-CN
[2025-12-01 09:25:54Z INFO HostContext] Well known directory 'Bin': 'D:\Code\PythonProjects\my-baidu-scholar-crawler\actions-runner\bin'
[2025-12-01 09:25:54Z INFO HostContext] Well known directory 'Root': 'D:\Code\PythonProjects\my-baidu-scholar-crawler\actions-runner'
[2025-12-01 09:25:54Z INFO Listener] Validating directory permissions for: 'D:\Code\PythonProjects\my-baidu-scholar-crawler\actions-runner'
[2025-12-01 09:25:54Z INFO CommandLineParser] Parse
[2025-12-01 09:25:54Z INFO CommandLineParser] Parsing 1 args
[2025-12-01 09:25:54Z INFO CommandLineParser] parsing argument
[2025-12-01 09:25:54Z INFO CommandLineParser] HasArgs: False
[2025-12-01 09:25:54Z INFO CommandLineParser] Adding Command: run
[2025-12-01 09:25:54Z INFO Listener] Arguments parsed
[2025-12-01 09:25:54Z INFO Runner] ExecuteCommand
[2025-12-01 09:25:54Z INFO ConfigurationStore] currentAssemblyLocation: D:\Code\PythonProjects\my-baidu-scholar-crawler\actions-runner\bin\Runner.Listener.dll
[2025-12-01 09:25:54Z INFO HostContext] Well known directory 'Bin': 'D:\Code\PythonProjects\my-baidu-scholar-crawler\actions-runner\bin'
[2025-12-01 09:25:54Z INFO ConfigurationStore] binPath: D:\Code\PythonProjects\my-baidu-scholar-crawler\actions-runner\bin
[2025-12-01 09:25:54Z INFO HostContext] Well known directory 'Bin': 'D:\Code\PythonProjects\my-baidu-scholar-crawler\actions-runner\bin'
[2025-12-01 09:25:54Z INFO HostContext] Well known directory 'Root': 'D:\Code\PythonProjects\my-baidu-scholar-crawler\actions-runner'
[2025-12-01 09:25:54Z INFO ConfigurationStore] RootFolder: D:\Code\PythonProjects\my-baidu-scholar-crawler\actions-runner
[2025-12-01 09:25:54Z INFO HostContext] Well known directory 'Bin': 'D:\Code\PythonProjects\my-baidu-scholar-crawler\actions-runner\bin'
[2025-12-01 09:25:54Z INFO HostContext] Well known directory 'Root': 'D:\Code\PythonProjects\my-baidu-scholar-crawler\actions-runner'
[2025-12-01 09:25:54Z INFO HostContext] Well known config file 'Runner': 'D:\Code\PythonProjects\my-baidu-scholar-crawler\actions-runner\.runner'
[2025-12-01 09:25:54Z INFO ConfigurationStore] ConfigFilePath: D:\Code\PythonProjects\my-baidu-scholar-crawler\actions-runner\.runner
[2025-12-01 09:25:54Z INFO HostContext] Well known directory 'Bin': 'D:\Code\PythonProjects\my-baidu-scholar-crawler\actions-runner\bin'
[2025-12-01 09:25:54Z INFO HostContext] Well known directory 'Root': 'D:\Code\PythonProjects\my-baidu-scholar-crawler\actions-runner'
[2025-12-01 09:25:54Z INFO HostContext] Well known config file 'MigratedRunner': 'D:\Code\PythonProjects\my-baidu-scholar-crawler\actions-runner\.runner_migrated'
[2025-12-01 09:25:54Z INFO ConfigurationStore] MigratedConfigFilePath: D:\Code\PythonProjects\my-baidu-scholar-crawler\actions-runner\.runner_migrated
[2025-12-01 09:25:54Z INFO HostContext] Well known directory 'Bin': 'D:\Code\PythonProjects\my-baidu-scholar-crawler\actions-runner\bin'
[2025-12-01 09:25:54Z INFO HostContext] Well known directory 'Root': 'D:\Code\PythonProjects\my-baidu-scholar-crawler\actions-runner'
[2025-12-01 09:25:54Z INFO HostContext] Well known config file 'Credentials': 'D:\Code\PythonProjects\my-baidu-scholar-crawler\actions-runner\.credentials'
[2025-12-01 09:25:54Z INFO ConfigurationStore] CredFilePath: D:\Code\PythonProjects\my-baidu-scholar-crawler\actions-runner\.credentials
[2025-12-01 09:25:54Z INFO HostContext] Well known directory 'Bin': 'D:\Code\PythonProjects\my-baidu-scholar-crawler\actions-runner\bin'
[2025-12-01 09:25:54Z INFO HostContext] Well known directory 'Root': 'D:\Code\PythonProjects\my-baidu-scholar-crawler\actions-runner'
[2025-12-01 09:25:54Z INFO HostContext] Well known config file 'MigratedCredentials': 'D:\Code\PythonProjects\my-baidu-scholar-crawler\actions-runner\.credentials_migrated'
[2025-12-01 09:25:54Z INFO ConfigurationStore] MigratedCredFilePath: D:\Code\PythonProjects\my-baidu-scholar-crawler\actions-runner\.credentials_migrated
[2025-12-01 09:25:54Z INFO HostContext] Well known directory 'Bin': 'D:\Code\PythonProjects\my-baidu-scholar-crawler\actions-runner\bin'
[2025-12-01 09:25:54Z INFO HostContext] Well known directory 'Root': 'D:\Code\PythonProjects\my-baidu-scholar-crawler\actions-runner'
[2025-12-01 09:25:54Z INFO HostContext] Well known config file 'Service': 'D:\Code\PythonProjects\my-baidu-scholar-crawler\actions-runner\.service'
[2025-12-01 09:25:54Z INFO ConfigurationStore] ServiceConfigFilePath: D:\Code\PythonProjects\my-baidu-scholar-crawler\actions-runner\.service
[2025-12-01 09:25:54Z INFO CommandSettings] Flag 'help': 'False'
[2025-12-01 09:25:54Z INFO CommandSettings] Flag 'version': 'False'
[2025-12-01 09:25:54Z INFO CommandSettings] Flag 'commit': 'False'
[2025-12-01 09:25:54Z INFO CommandSettings] Flag 'check': 'False'
[2025-12-01 09:25:54Z INFO CommandSettings] Command 'configure': 'False'
[2025-12-01 09:25:54Z INFO CommandSettings] Command 'remove': 'False'
[2025-12-01 09:25:54Z INFO CommandSettings] Command 'warmup': 'False'
[2025-12-01 09:25:54Z INFO ConfigurationManager] LoadSettings
[2025-12-01 09:25:54Z INFO ConfigurationStore] IsConfigured()
[2025-12-01 09:25:54Z INFO ConfigurationStore] IsConfigured: True
[2025-12-01 09:25:54Z INFO ConfigurationManager] Is configured: True
[2025-12-01 09:25:54Z INFO ConfigurationStore] Read setting file: 403 chars
[2025-12-01 09:25:54Z INFO ConfigurationManager] Settings Loaded
[2025-12-01 09:25:54Z INFO ConfigurationStore] IsServiceConfigured()
[2025-12-01 09:25:54Z INFO ConfigurationStore] IsServiceConfigured: True
[2025-12-01 09:25:54Z INFO CommandSettings] Command 'run': 'True'
[2025-12-01 09:25:54Z INFO ConfigurationStore] IsConfigured()
[2025-12-01 09:25:54Z INFO ConfigurationStore] IsConfigured: True
[2025-12-01 09:25:54Z INFO ConfigurationManager] Is configured: True
[2025-12-01 09:25:54Z INFO Runner] Try determine runner startup type base on console redirects.
[2025-12-01 09:25:54Z INFO Runner] Set runner startup type - Manual
[2025-12-01 09:25:54Z INFO CommandSettings] Flag 'once': 'False'
[2025-12-01 09:25:54Z INFO CommandSettings] Flag 'once': 'False'
[2025-12-01 09:25:54Z INFO Runner] RunAsync
[2025-12-01 09:25:54Z INFO ConfigurationManager] LoadMigratedSettings
[2025-12-01 09:25:54Z INFO ConfigurationStore] IsMigratedConfigured()
[2025-12-01 09:25:54Z INFO ConfigurationStore] IsMigratedConfigured: False
[2025-12-01 09:25:54Z INFO Runner] Failed to load migrated settings: No migrated configuration found.
[2025-12-01 09:25:54Z INFO Runner] Falling back to original .runner settings
[2025-12-01 09:25:54Z INFO Runner] Using BrokerMessageListener
[2025-12-01 09:25:54Z INFO BrokerMessageListener] Using provided settings
[2025-12-01 09:25:54Z INFO BrokerMessageListener] {
  "AgentId": 3,
  "AgentName": "TOBER",
  "PoolId": 1,
  "PoolName": "Default",
  "ServerUrl": "https://pipelinesghubeus6.actions.githubusercontent.com/YgvlkSiYq2vxkiyXBI7V97a7E9bu98Ltl84hmCxcm2jqQbTypZ/",
  "GitHubUrl": "https://github.com/October003/my-baidu-scholar-crawler",
  "WorkFolder": "_work",
  "UseV2Flow": true,
  "ServerUrlV2": "https://broker.actions.githubusercontent.com/"
}
[2025-12-01 09:25:54Z INFO BrokerMessageListener] Loading Credentials
[2025-12-01 09:25:54Z INFO ConfigurationStore] HasCredentials()
[2025-12-01 09:25:54Z INFO ConfigurationStore] stored True
[2025-12-01 09:25:54Z INFO CredentialManager] GetCredentialProvider
[2025-12-01 09:25:54Z INFO CredentialManager] Creating type OAuth
[2025-12-01 09:25:54Z INFO CredentialManager] Creating credential type: OAuth
[2025-12-01 09:25:54Z INFO HostContext] Well known directory 'Bin': 'D:\Code\PythonProjects\my-baidu-scholar-crawler\actions-runner\bin'
[2025-12-01 09:25:54Z INFO HostContext] Well known directory 'Root': 'D:\Code\PythonProjects\my-baidu-scholar-crawler\actions-runner'
[2025-12-01 09:25:54Z INFO HostContext] Well known config file 'RSACredentials': 'D:\Code\PythonProjects\my-baidu-scholar-crawler\actions-runner\.credentials_rsaparams'
[2025-12-01 09:25:54Z INFO RSAEncryptedFileKeyManager] Loading RSA key parameters from file D:\Code\PythonProjects\my-baidu-scholar-crawler\actions-runner\.credentials_rsaparams
[2025-12-01 09:25:54Z INFO BrokerMessageListener] Attempt to create session.
[2025-12-01 09:25:54Z INFO BrokerMessageListener] Connecting to the Broker Server...
[2025-12-01 09:25:54Z INFO ConfigurationStore] HasCredentials()
[2025-12-01 09:25:54Z INFO ConfigurationStore] stored True
[2025-12-01 09:25:54Z INFO CredentialManager] GetCredentialProvider
[2025-12-01 09:25:54Z INFO CredentialManager] Creating type OAuth
[2025-12-01 09:25:54Z INFO CredentialManager] Creating credential type: OAuth
[2025-12-01 09:25:54Z INFO RSAEncryptedFileKeyManager] Loading RSA key parameters from file D:\Code\PythonProjects\my-baidu-scholar-crawler\actions-runner\.credentials_rsaparams
[2025-12-01 09:25:54Z INFO BrokerMessageListener] VssConnection created
[2025-12-01 09:25:54Z INFO BrokerMessageListener] Connecting to the Runner server...
[2025-12-01 09:25:54Z INFO RunnerServer] EstablishVssConnection
[2025-12-01 09:25:54Z INFO RunnerServer] Establish connection with 100 seconds timeout.
[2025-12-01 09:25:54Z INFO GitHubActionsService] Starting operation Location.GetConnectionData
[2025-12-01 09:25:54Z INFO RunnerServer] EstablishVssConnection
[2025-12-01 09:25:54Z INFO RunnerServer] Establish connection with 60 seconds timeout.
[2025-12-01 09:25:54Z INFO GitHubActionsService] Starting operation Location.GetConnectionData
[2025-12-01 09:25:54Z INFO RunnerServer] EstablishVssConnection
[2025-12-01 09:25:54Z INFO RunnerServer] Establish connection with 60 seconds timeout.
[2025-12-01 09:25:54Z INFO GitHubActionsService] Starting operation Location.GetConnectionData
[2025-12-01 09:25:55Z INFO GitHubActionsService] Finished operation Location.GetConnectionData
[2025-12-01 09:25:55Z INFO GitHubActionsService] Finished operation Location.GetConnectionData
[2025-12-01 09:25:56Z INFO GitHubActionsService] Finished operation Location.GetConnectionData
[2025-12-01 09:25:56Z INFO BrokerMessageListener] VssConnection created
[2025-12-01 09:25:56Z INFO Terminal] WRITE LINE: 
[2025-12-01 09:25:56Z INFO Terminal] WRITE LINE: 
[2025-12-01 09:25:56Z INFO RSAEncryptedFileKeyManager] Loading RSA key parameters from file D:\Code\PythonProjects\my-baidu-scholar-crawler\actions-runner\.credentials_rsaparams
[2025-12-01 09:25:56Z INFO RSAEncryptedFileKeyManager] Loading RSA key parameters from file D:\Code\PythonProjects\my-baidu-scholar-crawler\actions-runner\.credentials_rsaparams
[2025-12-01 09:25:57Z INFO GitHubActionsService] AAD Correlation ID for this token request: Unknown
[2025-12-01 09:25:58Z ERR  GitHubActionsService] POST request to https://broker.actions.githubusercontent.com/session failed. HTTP Status: Conflict
[2025-12-01 09:25:58Z ERR  BrokerMessageListener] Catch exception during create session.
[2025-12-01 09:25:58Z ERR  BrokerMessageListener] GitHub.DistributedTask.WebApi.TaskAgentSessionConflictException: Error: Conflict
   at GitHub.Actions.RunService.WebApi.BrokerHttpClient.CreateSessionAsync(TaskAgentSession session, CancellationToken cancellationToken)
   at GitHub.Runner.Common.BrokerServer.CreateSessionAsync(TaskAgentSession session, CancellationToken cancellationToken)
   at GitHub.Runner.Listener.BrokerMessageListener.CreateSessionAsync(CancellationToken token)
[2025-12-01 09:25:58Z INFO BrokerMessageListener] The session for this runner already exists.
[2025-12-01 09:25:58Z ERR  Terminal] WRITE ERROR: A session for this runner already exists.
[2025-12-01 09:25:58Z INFO BrokerMessageListener] The session conflict exception haven't reached retry limit.
[2025-12-01 09:25:58Z ERR  Terminal] WRITE ERROR: 2025-12-01 09:25:58Z: Runner connect error: Error: Conflict. Retrying until reconnected.
[2025-12-01 09:25:58Z INFO BrokerMessageListener] Sleeping for 30 seconds before retrying.
[2025-12-01 09:26:28Z INFO BrokerMessageListener] Attempt to create session.
[2025-12-01 09:26:28Z INFO BrokerMessageListener] Connecting to the Broker Server...
[2025-12-01 09:26:28Z INFO ConfigurationStore] HasCredentials()
[2025-12-01 09:26:28Z INFO ConfigurationStore] stored True
[2025-12-01 09:26:28Z INFO CredentialManager] GetCredentialProvider
[2025-12-01 09:26:28Z INFO CredentialManager] Creating type OAuth
[2025-12-01 09:26:28Z INFO CredentialManager] Creating credential type: OAuth
[2025-12-01 09:26:28Z INFO RSAEncryptedFileKeyManager] Loading RSA key parameters from file D:\Code\PythonProjects\my-baidu-scholar-crawler\actions-runner\.credentials_rsaparams
[2025-12-01 09:26:28Z INFO BrokerMessageListener] VssConnection created
[2025-12-01 09:26:28Z INFO BrokerMessageListener] Connecting to the Runner server...
[2025-12-01 09:26:28Z INFO RunnerServer] EstablishVssConnection
[2025-12-01 09:26:28Z INFO RunnerServer] Establish connection with 100 seconds timeout.
[2025-12-01 09:26:28Z INFO GitHubActionsService] Starting operation Location.GetConnectionData
[2025-12-01 09:26:28Z INFO RunnerServer] EstablishVssConnection
[2025-12-01 09:26:28Z INFO RunnerServer] Establish connection with 60 seconds timeout.
[2025-12-01 09:26:28Z INFO GitHubActionsService] Starting operation Location.GetConnectionData
[2025-12-01 09:26:28Z INFO RunnerServer] EstablishVssConnection
[2025-12-01 09:26:28Z INFO RunnerServer] Establish connection with 60 seconds timeout.
[2025-12-01 09:26:28Z INFO GitHubActionsService] Starting operation Location.GetConnectionData
[2025-12-01 09:26:29Z INFO GitHubActionsService] Finished operation Location.GetConnectionData
[2025-12-01 09:26:29Z INFO GitHubActionsService] Finished operation Location.GetConnectionData
[2025-12-01 09:26:29Z INFO GitHubActionsService] Finished operation Location.GetConnectionData
[2025-12-01 09:26:29Z INFO BrokerMessageListener] VssConnection created
[2025-12-01 09:26:29Z INFO Terminal] WRITE LINE: 
[2025-12-01 09:26:29Z INFO Terminal] WRITE LINE: 
[2025-12-01 09:26:29Z INFO RSAEncryptedFileKeyManager] Loading RSA key parameters from file D:\Code\PythonProjects\my-baidu-scholar-crawler\actions-runner\.credentials_rsaparams
[2025-12-01 09:26:29Z INFO RSAEncryptedFileKeyManager] Loading RSA key parameters from file D:\Code\PythonProjects\my-baidu-scholar-crawler\actions-runner\.credentials_rsaparams
[2025-12-01 09:26:30Z INFO GitHubActionsService] AAD Correlation ID for this token request: Unknown
[2025-12-01 09:26:31Z ERR  GitHubActionsService] POST request to https://broker.actions.githubusercontent.com/session failed. HTTP Status: Conflict
[2025-12-01 09:26:31Z ERR  BrokerMessageListener] Catch exception during create session.
[2025-12-01 09:26:31Z ERR  BrokerMessageListener] GitHub.DistributedTask.WebApi.TaskAgentSessionConflictException: Error: Conflict
   at GitHub.Actions.RunService.WebApi.BrokerHttpClient.CreateSessionAsync(TaskAgentSession session, CancellationToken cancellationToken)
   at GitHub.Runner.Common.BrokerServer.CreateSessionAsync(TaskAgentSession session, CancellationToken cancellationToken)
   at GitHub.Runner.Listener.BrokerMessageListener.CreateSessionAsync(CancellationToken token)
[2025-12-01 09:26:31Z INFO BrokerMessageListener] The session for this runner already exists.
[2025-12-01 09:26:31Z ERR  Terminal] WRITE ERROR: A session for this runner already exists.
[2025-12-01 09:26:31Z INFO BrokerMessageListener] The session conflict exception haven't reached retry limit.
[2025-12-01 09:26:31Z INFO BrokerMessageListener] Sleeping for 30 seconds before retrying.
[2025-12-01 09:27:01Z INFO BrokerMessageListener] Attempt to create session.
[2025-12-01 09:27:01Z INFO BrokerMessageListener] Connecting to the Broker Server...
[2025-12-01 09:27:01Z INFO ConfigurationStore] HasCredentials()
[2025-12-01 09:27:01Z INFO ConfigurationStore] stored True
[2025-12-01 09:27:01Z INFO CredentialManager] GetCredentialProvider
[2025-12-01 09:27:01Z INFO CredentialManager] Creating type OAuth
[2025-12-01 09:27:01Z INFO CredentialManager] Creating credential type: OAuth
[2025-12-01 09:27:01Z INFO RSAEncryptedFileKeyManager] Loading RSA key parameters from file D:\Code\PythonProjects\my-baidu-scholar-crawler\actions-runner\.credentials_rsaparams
[2025-12-01 09:27:01Z INFO BrokerMessageListener] VssConnection created
[2025-12-01 09:27:01Z INFO BrokerMessageListener] Connecting to the Runner server...
[2025-12-01 09:27:01Z INFO RunnerServer] EstablishVssConnection
[2025-12-01 09:27:01Z INFO RunnerServer] Establish connection with 100 seconds timeout.
[2025-12-01 09:27:01Z INFO GitHubActionsService] Starting operation Location.GetConnectionData
[2025-12-01 09:27:01Z INFO RunnerServer] EstablishVssConnection
[2025-12-01 09:27:01Z INFO RunnerServer] Establish connection with 60 seconds timeout.
[2025-12-01 09:27:01Z INFO GitHubActionsService] Starting operation Location.GetConnectionData
[2025-12-01 09:27:01Z INFO RunnerServer] EstablishVssConnection
[2025-12-01 09:27:01Z INFO RunnerServer] Establish connection with 60 seconds timeout.
[2025-12-01 09:27:01Z INFO GitHubActionsService] Starting operation Location.GetConnectionData
[2025-12-01 09:27:02Z INFO GitHubActionsService] Finished operation Location.GetConnectionData
[2025-12-01 09:27:02Z INFO GitHubActionsService] Finished operation Location.GetConnectionData
[2025-12-01 09:27:02Z INFO GitHubActionsService] Finished operation Location.GetConnectionData
[2025-12-01 09:27:02Z INFO BrokerMessageListener] VssConnection created
[2025-12-01 09:27:02Z INFO Terminal] WRITE LINE: 
[2025-12-01 09:27:02Z INFO Terminal] WRITE LINE: 
[2025-12-01 09:27:02Z INFO RSAEncryptedFileKeyManager] Loading RSA key parameters from file D:\Code\PythonProjects\my-baidu-scholar-crawler\actions-runner\.credentials_rsaparams
[2025-12-01 09:27:02Z INFO RSAEncryptedFileKeyManager] Loading RSA key parameters from file D:\Code\PythonProjects\my-baidu-scholar-crawler\actions-runner\.credentials_rsaparams
[2025-12-01 09:27:03Z INFO GitHubActionsService] AAD Correlation ID for this token request: Unknown
[2025-12-01 09:27:04Z ERR  GitHubActionsService] POST request to https://broker.actions.githubusercontent.com/session failed. HTTP Status: Conflict
[2025-12-01 09:27:04Z ERR  BrokerMessageListener] Catch exception during create session.
[2025-12-01 09:27:04Z ERR  BrokerMessageListener] GitHub.DistributedTask.WebApi.TaskAgentSessionConflictException: Error: Conflict
   at GitHub.Actions.RunService.WebApi.BrokerHttpClient.CreateSessionAsync(TaskAgentSession session, CancellationToken cancellationToken)
   at GitHub.Runner.Common.BrokerServer.CreateSessionAsync(TaskAgentSession session, CancellationToken cancellationToken)
   at GitHub.Runner.Listener.BrokerMessageListener.CreateSessionAsync(CancellationToken token)
[2025-12-01 09:27:04Z INFO BrokerMessageListener] The session for this runner already exists.
[2025-12-01 09:27:04Z ERR  Terminal] WRITE ERROR: A session for this runner already exists.
[2025-12-01 09:27:04Z INFO BrokerMessageListener] The session conflict exception haven't reached retry limit.
[2025-12-01 09:27:04Z INFO BrokerMessageListener] Sleeping for 30 seconds before retrying.
[2025-12-01 09:27:34Z INFO BrokerMessageListener] Attempt to create session.
[2025-12-01 09:27:34Z INFO BrokerMessageListener] Connecting to the Broker Server...
[2025-12-01 09:27:34Z INFO ConfigurationStore] HasCredentials()
[2025-12-01 09:27:34Z INFO ConfigurationStore] stored True
[2025-12-01 09:27:34Z INFO CredentialManager] GetCredentialProvider
[2025-12-01 09:27:34Z INFO CredentialManager] Creating type OAuth
[2025-12-01 09:27:34Z INFO CredentialManager] Creating credential type: OAuth
[2025-12-01 09:27:34Z INFO RSAEncryptedFileKeyManager] Loading RSA key parameters from file D:\Code\PythonProjects\my-baidu-scholar-crawler\actions-runner\.credentials_rsaparams
[2025-12-01 09:27:34Z INFO BrokerMessageListener] VssConnection created
[2025-12-01 09:27:34Z INFO BrokerMessageListener] Connecting to the Runner server...
[2025-12-01 09:27:34Z INFO RunnerServer] EstablishVssConnection
[2025-12-01 09:27:34Z INFO RunnerServer] Establish connection with 100 seconds timeout.
[2025-12-01 09:27:34Z INFO GitHubActionsService] Starting operation Location.GetConnectionData
[2025-12-01 09:27:34Z INFO RunnerServer] EstablishVssConnection
[2025-12-01 09:27:34Z INFO RunnerServer] Establish connection with 60 seconds timeout.
[2025-12-01 09:27:34Z INFO GitHubActionsService] Starting operation Location.GetConnectionData
[2025-12-01 09:27:34Z INFO RunnerServer] EstablishVssConnection
[2025-12-01 09:27:34Z INFO RunnerServer] Establish connection with 60 seconds timeout.
[2025-12-01 09:27:34Z INFO GitHubActionsService] Starting operation Location.GetConnectionData
[2025-12-01 09:27:35Z INFO GitHubActionsService] Finished operation Location.GetConnectionData
[2025-12-01 09:27:35Z INFO GitHubActionsService] Finished operation Location.GetConnectionData
[2025-12-01 09:27:35Z INFO GitHubActionsService] Finished operation Location.GetConnectionData
[2025-12-01 09:27:35Z INFO BrokerMessageListener] VssConnection created
[2025-12-01 09:27:35Z INFO Terminal] WRITE LINE: 
[2025-12-01 09:27:35Z INFO Terminal] WRITE LINE: 
[2025-12-01 09:27:35Z INFO RSAEncryptedFileKeyManager] Loading RSA key parameters from file D:\Code\PythonProjects\my-baidu-scholar-crawler\actions-runner\.credentials_rsaparams
[2025-12-01 09:27:35Z INFO RSAEncryptedFileKeyManager] Loading RSA key parameters from file D:\Code\PythonProjects\my-baidu-scholar-crawler\actions-runner\.credentials_rsaparams
[2025-12-01 09:27:37Z INFO GitHubActionsService] AAD Correlation ID for this token request: Unknown
[2025-12-01 09:27:37Z ERR  GitHubActionsService] POST request to https://broker.actions.githubusercontent.com/session failed. HTTP Status: Conflict
[2025-12-01 09:27:37Z ERR  BrokerMessageListener] Catch exception during create session.
[2025-12-01 09:27:37Z ERR  BrokerMessageListener] GitHub.DistributedTask.WebApi.TaskAgentSessionConflictException: Error: Conflict
   at GitHub.Actions.RunService.WebApi.BrokerHttpClient.CreateSessionAsync(TaskAgentSession session, CancellationToken cancellationToken)
   at GitHub.Runner.Common.BrokerServer.CreateSessionAsync(TaskAgentSession session, CancellationToken cancellationToken)
   at GitHub.Runner.Listener.BrokerMessageListener.CreateSessionAsync(CancellationToken token)
[2025-12-01 09:27:37Z INFO BrokerMessageListener] The session for this runner already exists.
[2025-12-01 09:27:37Z ERR  Terminal] WRITE ERROR: A session for this runner already exists.
[2025-12-01 09:27:37Z INFO BrokerMessageListener] The session conflict exception haven't reached retry limit.
[2025-12-01 09:27:37Z INFO BrokerMessageListener] Sleeping for 30 seconds before retrying.
[2025-12-01 09:28:05Z INFO Terminal] WRITE LINE: Exiting...
[2025-12-01 09:28:05Z INFO ConfigurationStore] IsServiceConfigured()
[2025-12-01 09:28:05Z INFO ConfigurationStore] IsServiceConfigured: True
[2025-12-01 09:28:05Z INFO Runner] Received Ctrl-C signal, stop Runner.Listener and Runner.Worker.
[2025-12-01 09:28:05Z INFO HostContext] Runner will be shutdown for UserCancelled
[2025-12-01 09:28:05Z INFO Listener] Runner execution been cancelled.
