[2025-12-01 09:25:42Z INFO HostContext] No proxy settings were found based on environmental variables (http_proxy/https_proxy/HTTP_PROXY/HTTPS_PROXY)
[2025-12-01 09:25:42Z INFO HostContext] Well known directory 'Bin': 'D:\Code\PythonProjects\my-baidu-scholar-crawler\actions-runner\bin'
[2025-12-01 09:25:42Z INFO HostContext] Well known directory 'Root': 'D:\Code\PythonProjects\my-baidu-scholar-crawler\actions-runner'
[2025-12-01 09:25:42Z INFO HostContext] Well known config file 'Credentials': 'D:\Code\PythonProjects\my-baidu-scholar-crawler\actions-runner\.credentials'
[2025-12-01 09:25:42Z INFO HostContext] Well known directory 'Bin': 'D:\Code\PythonProjects\my-baidu-scholar-crawler\actions-runner\bin'
[2025-12-01 09:25:42Z INFO HostContext] Well known directory 'Root': 'D:\Code\PythonProjects\my-baidu-scholar-crawler\actions-runner'
[2025-12-01 09:25:42Z INFO HostContext] Well known config file 'Runner': 'D:\Code\PythonProjects\my-baidu-scholar-crawler\actions-runner\.runner'
[2025-12-01 09:25:42Z INFO Listener] Runner is built for Windows (X64) - win-x64.
[2025-12-01 09:25:42Z INFO Listener] RuntimeInformation: Microsoft Windows 10.0.22635.
[2025-12-01 09:25:42Z INFO Listener] Version: 2.329.0
[2025-12-01 09:25:42Z INFO Listener] Commit: c76c59996c8fa32e989164a5a695efb12608ae5a
[2025-12-01 09:25:42Z INFO Listener] Culture: zh-CN
[2025-12-01 09:25:42Z INFO Listener] UI Culture: zh-CN
[2025-12-01 09:25:42Z INFO HostContext] Well known directory 'Bin': 'D:\Code\PythonProjects\my-baidu-scholar-crawler\actions-runner\bin'
[2025-12-01 09:25:42Z INFO HostContext] Well known directory 'Root': 'D:\Code\PythonProjects\my-baidu-scholar-crawler\actions-runner'
[2025-12-01 09:25:42Z INFO Listener] Validating directory permissions for: 'D:\Code\PythonProjects\my-baidu-scholar-crawler\actions-runner'
[2025-12-01 09:25:42Z INFO CommandLineParser] Parse
[2025-12-01 09:25:42Z INFO CommandLineParser] Parsing 3 args
[2025-12-01 09:25:42Z INFO CommandLineParser] parsing argument
[2025-12-01 09:25:42Z INFO CommandLineParser] HasArgs: False
[2025-12-01 09:25:42Z INFO CommandLineParser] Adding Command: run
[2025-12-01 09:25:42Z INFO CommandLineParser] parsing argument
[2025-12-01 09:25:42Z INFO CommandLineParser] HasArgs: True
[2025-12-01 09:25:42Z INFO CommandLineParser] arg: startuptype
[2025-12-01 09:25:42Z INFO CommandLineParser] parsing argument
[2025-12-01 09:25:42Z INFO CommandLineParser] HasArgs: True
[2025-12-01 09:25:42Z INFO CommandLineParser] Adding option 'startuptype': 'service'
[2025-12-01 09:25:42Z INFO Listener] Arguments parsed
[2025-12-01 09:25:42Z INFO Runner] ExecuteCommand
[2025-12-01 09:25:42Z INFO ConfigurationStore] currentAssemblyLocation: D:\Code\PythonProjects\my-baidu-scholar-crawler\actions-runner\bin\Runner.Listener.dll
[2025-12-01 09:25:42Z INFO HostContext] Well known directory 'Bin': 'D:\Code\PythonProjects\my-baidu-scholar-crawler\actions-runner\bin'
[2025-12-01 09:25:42Z INFO ConfigurationStore] binPath: D:\Code\PythonProjects\my-baidu-scholar-crawler\actions-runner\bin
[2025-12-01 09:25:42Z INFO HostContext] Well known directory 'Bin': 'D:\Code\PythonProjects\my-baidu-scholar-crawler\actions-runner\bin'
[2025-12-01 09:25:42Z INFO HostContext] Well known directory 'Root': 'D:\Code\PythonProjects\my-baidu-scholar-crawler\actions-runner'
[2025-12-01 09:25:42Z INFO ConfigurationStore] RootFolder: D:\Code\PythonProjects\my-baidu-scholar-crawler\actions-runner
[2025-12-01 09:25:42Z INFO HostContext] Well known directory 'Bin': 'D:\Code\PythonProjects\my-baidu-scholar-crawler\actions-runner\bin'
[2025-12-01 09:25:42Z INFO HostContext] Well known directory 'Root': 'D:\Code\PythonProjects\my-baidu-scholar-crawler\actions-runner'
[2025-12-01 09:25:42Z INFO HostContext] Well known config file 'Runner': 'D:\Code\PythonProjects\my-baidu-scholar-crawler\actions-runner\.runner'
[2025-12-01 09:25:42Z INFO ConfigurationStore] ConfigFilePath: D:\Code\PythonProjects\my-baidu-scholar-crawler\actions-runner\.runner
[2025-12-01 09:25:42Z INFO HostContext] Well known directory 'Bin': 'D:\Code\PythonProjects\my-baidu-scholar-crawler\actions-runner\bin'
[2025-12-01 09:25:42Z INFO HostContext] Well known directory 'Root': 'D:\Code\PythonProjects\my-baidu-scholar-crawler\actions-runner'
[2025-12-01 09:25:42Z INFO HostContext] Well known config file 'MigratedRunner': 'D:\Code\PythonProjects\my-baidu-scholar-crawler\actions-runner\.runner_migrated'
[2025-12-01 09:25:42Z INFO ConfigurationStore] MigratedConfigFilePath: D:\Code\PythonProjects\my-baidu-scholar-crawler\actions-runner\.runner_migrated
[2025-12-01 09:25:42Z INFO HostContext] Well known directory 'Bin': 'D:\Code\PythonProjects\my-baidu-scholar-crawler\actions-runner\bin'
[2025-12-01 09:25:42Z INFO HostContext] Well known directory 'Root': 'D:\Code\PythonProjects\my-baidu-scholar-crawler\actions-runner'
[2025-12-01 09:25:42Z INFO HostContext] Well known config file 'Credentials': 'D:\Code\PythonProjects\my-baidu-scholar-crawler\actions-runner\.credentials'
[2025-12-01 09:25:42Z INFO ConfigurationStore] CredFilePath: D:\Code\PythonProjects\my-baidu-scholar-crawler\actions-runner\.credentials
[2025-12-01 09:25:42Z INFO HostContext] Well known directory 'Bin': 'D:\Code\PythonProjects\my-baidu-scholar-crawler\actions-runner\bin'
[2025-12-01 09:25:42Z INFO HostContext] Well known directory 'Root': 'D:\Code\PythonProjects\my-baidu-scholar-crawler\actions-runner'
[2025-12-01 09:25:42Z INFO HostContext] Well known config file 'MigratedCredentials': 'D:\Code\PythonProjects\my-baidu-scholar-crawler\actions-runner\.credentials_migrated'
[2025-12-01 09:25:42Z INFO ConfigurationStore] MigratedCredFilePath: D:\Code\PythonProjects\my-baidu-scholar-crawler\actions-runner\.credentials_migrated
[2025-12-01 09:25:42Z INFO HostContext] Well known directory 'Bin': 'D:\Code\PythonProjects\my-baidu-scholar-crawler\actions-runner\bin'
[2025-12-01 09:25:42Z INFO HostContext] Well known directory 'Root': 'D:\Code\PythonProjects\my-baidu-scholar-crawler\actions-runner'
[2025-12-01 09:25:42Z INFO HostContext] Well known config file 'Service': 'D:\Code\PythonProjects\my-baidu-scholar-crawler\actions-runner\.service'
[2025-12-01 09:25:42Z INFO ConfigurationStore] ServiceConfigFilePath: D:\Code\PythonProjects\my-baidu-scholar-crawler\actions-runner\.service
[2025-12-01 09:25:42Z INFO CommandSettings] Flag 'help': 'False'
[2025-12-01 09:25:42Z INFO CommandSettings] Flag 'version': 'False'
[2025-12-01 09:25:42Z INFO CommandSettings] Flag 'commit': 'False'
[2025-12-01 09:25:42Z INFO CommandSettings] Flag 'check': 'False'
[2025-12-01 09:25:42Z INFO CommandSettings] Command 'configure': 'False'
[2025-12-01 09:25:42Z INFO CommandSettings] Command 'remove': 'False'
[2025-12-01 09:25:42Z INFO CommandSettings] Command 'warmup': 'False'
[2025-12-01 09:25:42Z INFO ConfigurationManager] LoadSettings
[2025-12-01 09:25:42Z INFO ConfigurationStore] IsConfigured()
[2025-12-01 09:25:42Z INFO ConfigurationStore] IsConfigured: True
[2025-12-01 09:25:42Z INFO ConfigurationManager] Is configured: True
[2025-12-01 09:25:42Z INFO ConfigurationStore] Read setting file: 403 chars
[2025-12-01 09:25:42Z INFO ConfigurationManager] Settings Loaded
[2025-12-01 09:25:42Z INFO ConfigurationStore] IsServiceConfigured()
[2025-12-01 09:25:42Z INFO ConfigurationStore] IsServiceConfigured: True
[2025-12-01 09:25:42Z INFO CommandSettings] Command 'run': 'True'
[2025-12-01 09:25:42Z INFO ConfigurationStore] IsConfigured()
[2025-12-01 09:25:42Z INFO ConfigurationStore] IsConfigured: True
[2025-12-01 09:25:42Z INFO ConfigurationManager] Is configured: True
[2025-12-01 09:25:42Z INFO Runner] Set runner startup type - Service
[2025-12-01 09:25:42Z INFO CommandSettings] Flag 'once': 'False'
[2025-12-01 09:25:42Z INFO CommandSettings] Flag 'once': 'False'
[2025-12-01 09:25:42Z INFO Runner] RunAsync
[2025-12-01 09:25:42Z INFO ConfigurationManager] LoadMigratedSettings
[2025-12-01 09:25:42Z INFO ConfigurationStore] IsMigratedConfigured()
[2025-12-01 09:25:42Z INFO ConfigurationStore] IsMigratedConfigured: False
[2025-12-01 09:25:42Z INFO Runner] Failed to load migrated settings: No migrated configuration found.
[2025-12-01 09:25:42Z INFO Runner] Falling back to original .runner settings
[2025-12-01 09:25:42Z INFO Runner] Using BrokerMessageListener
[2025-12-01 09:25:42Z INFO BrokerMessageListener] Using provided settings
[2025-12-01 09:25:42Z INFO BrokerMessageListener] {
  "AgentId": 3,
  "AgentName": "TOBER",
  "PoolId": 1,
  "PoolName": "Default",
  "ServerUrl": "https://pipelinesghubeus6.actions.githubusercontent.com/YgvlkSiYq2vxkiyXBI7V97a7E9bu98Ltl84hmCxcm2jqQbTypZ/",
  "GitHubUrl": "https://github.com/October003/my-baidu-scholar-crawler",
  "WorkFolder": "_work",
  "UseV2Flow": true,
  "ServerUrlV2": "https://broker.actions.githubusercontent.com/"
}
[2025-12-01 09:25:42Z INFO BrokerMessageListener] Loading Credentials
[2025-12-01 09:25:42Z INFO ConfigurationStore] HasCredentials()
[2025-12-01 09:25:42Z INFO ConfigurationStore] stored True
[2025-12-01 09:25:42Z INFO CredentialManager] GetCredentialProvider
[2025-12-01 09:25:42Z INFO CredentialManager] Creating type OAuth
[2025-12-01 09:25:42Z INFO CredentialManager] Creating credential type: OAuth
[2025-12-01 09:25:42Z INFO HostContext] Well known directory 'Bin': 'D:\Code\PythonProjects\my-baidu-scholar-crawler\actions-runner\bin'
[2025-12-01 09:25:42Z INFO HostContext] Well known directory 'Root': 'D:\Code\PythonProjects\my-baidu-scholar-crawler\actions-runner'
[2025-12-01 09:25:42Z INFO HostContext] Well known config file 'RSACredentials': 'D:\Code\PythonProjects\my-baidu-scholar-crawler\actions-runner\.credentials_rsaparams'
[2025-12-01 09:25:42Z INFO RSAEncryptedFileKeyManager] Loading RSA key parameters from file D:\Code\PythonProjects\my-baidu-scholar-crawler\actions-runner\.credentials_rsaparams
[2025-12-01 09:25:42Z INFO BrokerMessageListener] Attempt to create session.
[2025-12-01 09:25:42Z INFO BrokerMessageListener] Connecting to the Broker Server...
[2025-12-01 09:25:42Z INFO ConfigurationStore] HasCredentials()
[2025-12-01 09:25:42Z INFO ConfigurationStore] stored True
[2025-12-01 09:25:42Z INFO CredentialManager] GetCredentialProvider
[2025-12-01 09:25:42Z INFO CredentialManager] Creating type OAuth
[2025-12-01 09:25:42Z INFO CredentialManager] Creating credential type: OAuth
[2025-12-01 09:25:42Z INFO RSAEncryptedFileKeyManager] Loading RSA key parameters from file D:\Code\PythonProjects\my-baidu-scholar-crawler\actions-runner\.credentials_rsaparams
[2025-12-01 09:25:42Z INFO BrokerMessageListener] VssConnection created
[2025-12-01 09:25:42Z INFO BrokerMessageListener] Connecting to the Runner server...
[2025-12-01 09:25:42Z INFO RunnerServer] EstablishVssConnection
[2025-12-01 09:25:42Z INFO RunnerServer] Establish connection with 100 seconds timeout.
[2025-12-01 09:25:42Z INFO GitHubActionsService] Starting operation Location.GetConnectionData
[2025-12-01 09:25:42Z INFO RunnerServer] EstablishVssConnection
[2025-12-01 09:25:42Z INFO RunnerServer] Establish connection with 60 seconds timeout.
[2025-12-01 09:25:42Z INFO GitHubActionsService] Starting operation Location.GetConnectionData
[2025-12-01 09:25:42Z INFO RunnerServer] EstablishVssConnection
[2025-12-01 09:25:42Z INFO RunnerServer] Establish connection with 60 seconds timeout.
[2025-12-01 09:25:42Z INFO GitHubActionsService] Starting operation Location.GetConnectionData
[2025-12-01 09:25:44Z INFO GitHubActionsService] Finished operation Location.GetConnectionData
[2025-12-01 09:25:44Z INFO GitHubActionsService] Finished operation Location.GetConnectionData
[2025-12-01 09:25:44Z INFO GitHubActionsService] Finished operation Location.GetConnectionData
[2025-12-01 09:25:44Z INFO BrokerMessageListener] VssConnection created
[2025-12-01 09:25:44Z INFO Terminal] WRITE LINE: 
[2025-12-01 09:25:44Z INFO Terminal] WRITE LINE: 
[2025-12-01 09:25:44Z INFO RSAEncryptedFileKeyManager] Loading RSA key parameters from file D:\Code\PythonProjects\my-baidu-scholar-crawler\actions-runner\.credentials_rsaparams
[2025-12-01 09:25:44Z INFO RSAEncryptedFileKeyManager] Loading RSA key parameters from file D:\Code\PythonProjects\my-baidu-scholar-crawler\actions-runner\.credentials_rsaparams
[2025-12-01 09:25:45Z INFO GitHubActionsService] AAD Correlation ID for this token request: Unknown
[2025-12-01 09:25:46Z INFO BrokerMessageListener] Session created.
[2025-12-01 09:25:46Z INFO Terminal] WRITE LINE: Current runner version: '2.329.0'
[2025-12-01 09:25:46Z INFO Terminal] WRITE LINE: 2025-12-01 09:25:46Z: Listening for Jobs
[2025-12-01 09:25:46Z INFO JobDispatcher] Set runner/worker IPC timeout to 30 seconds.
