[2025-12-01 09:25:06Z INFO HostContext] No proxy settings were found based on environmental variables (http_proxy/https_proxy/HTTP_PROXY/HTTPS_PROXY)
[2025-12-01 09:25:06Z INFO HostContext] Well known directory 'Bin': 'D:\Code\PythonProjects\my-baidu-scholar-crawler\actions-runner\bin'
[2025-12-01 09:25:06Z INFO HostContext] Well known directory 'Root': 'D:\Code\PythonProjects\my-baidu-scholar-crawler\actions-runner'
[2025-12-01 09:25:06Z INFO HostContext] Well known config file 'Credentials': 'D:\Code\PythonProjects\my-baidu-scholar-crawler\actions-runner\.credentials'
[2025-12-01 09:25:06Z INFO HostContext] Well known directory 'Bin': 'D:\Code\PythonProjects\my-baidu-scholar-crawler\actions-runner\bin'
[2025-12-01 09:25:06Z INFO HostContext] Well known directory 'Root': 'D:\Code\PythonProjects\my-baidu-scholar-crawler\actions-runner'
[2025-12-01 09:25:06Z INFO HostContext] Well known config file 'Runner': 'D:\Code\PythonProjects\my-baidu-scholar-crawler\actions-runner\.runner'
[2025-12-01 09:25:06Z INFO Listener] Runner is built for Windows (X64) - win-x64.
[2025-12-01 09:25:06Z INFO Listener] RuntimeInformation: Microsoft Windows 10.0.22635.
[2025-12-01 09:25:06Z INFO Listener] Version: 2.329.0
[2025-12-01 09:25:06Z INFO Listener] Commit: c76c59996c8fa32e989164a5a695efb12608ae5a
[2025-12-01 09:25:06Z INFO Listener] Culture: zh-CN
[2025-12-01 09:25:06Z INFO Listener] UI Culture: zh-CN
[2025-12-01 09:25:06Z INFO HostContext] Well known directory 'Bin': 'D:\Code\PythonProjects\my-baidu-scholar-crawler\actions-runner\bin'
[2025-12-01 09:25:06Z INFO HostContext] Well known directory 'Root': 'D:\Code\PythonProjects\my-baidu-scholar-crawler\actions-runner'
[2025-12-01 09:25:06Z INFO Listener] Validating directory permissions for: 'D:\Code\PythonProjects\my-baidu-scholar-crawler\actions-runner'
[2025-12-01 09:25:06Z INFO CommandLineParser] Parse
[2025-12-01 09:25:06Z INFO CommandLineParser] Parsing 1 args
[2025-12-01 09:25:06Z INFO CommandLineParser] parsing argument
[2025-12-01 09:25:06Z INFO CommandLineParser] HasArgs: False
[2025-12-01 09:25:06Z INFO CommandLineParser] Adding Command: remove
[2025-12-01 09:25:06Z INFO Listener] Arguments parsed
[2025-12-01 09:25:06Z INFO Runner] ExecuteCommand
[2025-12-01 09:25:06Z INFO ConfigurationStore] currentAssemblyLocation: D:\Code\PythonProjects\my-baidu-scholar-crawler\actions-runner\bin\Runner.Listener.dll
[2025-12-01 09:25:06Z INFO HostContext] Well known directory 'Bin': 'D:\Code\PythonProjects\my-baidu-scholar-crawler\actions-runner\bin'
[2025-12-01 09:25:06Z INFO ConfigurationStore] binPath: D:\Code\PythonProjects\my-baidu-scholar-crawler\actions-runner\bin
[2025-12-01 09:25:06Z INFO HostContext] Well known directory 'Bin': 'D:\Code\PythonProjects\my-baidu-scholar-crawler\actions-runner\bin'
[2025-12-01 09:25:06Z INFO HostContext] Well known directory 'Root': 'D:\Code\PythonProjects\my-baidu-scholar-crawler\actions-runner'
[2025-12-01 09:25:06Z INFO ConfigurationStore] RootFolder: D:\Code\PythonProjects\my-baidu-scholar-crawler\actions-runner
[2025-12-01 09:25:06Z INFO HostContext] Well known directory 'Bin': 'D:\Code\PythonProjects\my-baidu-scholar-crawler\actions-runner\bin'
[2025-12-01 09:25:06Z INFO HostContext] Well known directory 'Root': 'D:\Code\PythonProjects\my-baidu-scholar-crawler\actions-runner'
[2025-12-01 09:25:06Z INFO HostContext] Well known config file 'Runner': 'D:\Code\PythonProjects\my-baidu-scholar-crawler\actions-runner\.runner'
[2025-12-01 09:25:06Z INFO ConfigurationStore] ConfigFilePath: D:\Code\PythonProjects\my-baidu-scholar-crawler\actions-runner\.runner
[2025-12-01 09:25:06Z INFO HostContext] Well known directory 'Bin': 'D:\Code\PythonProjects\my-baidu-scholar-crawler\actions-runner\bin'
[2025-12-01 09:25:06Z INFO HostContext] Well known directory 'Root': 'D:\Code\PythonProjects\my-baidu-scholar-crawler\actions-runner'
[2025-12-01 09:25:06Z INFO HostContext] Well known config file 'MigratedRunner': 'D:\Code\PythonProjects\my-baidu-scholar-crawler\actions-runner\.runner_migrated'
[2025-12-01 09:25:06Z INFO ConfigurationStore] MigratedConfigFilePath: D:\Code\PythonProjects\my-baidu-scholar-crawler\actions-runner\.runner_migrated
[2025-12-01 09:25:06Z INFO HostContext] Well known directory 'Bin': 'D:\Code\PythonProjects\my-baidu-scholar-crawler\actions-runner\bin'
[2025-12-01 09:25:06Z INFO HostContext] Well known directory 'Root': 'D:\Code\PythonProjects\my-baidu-scholar-crawler\actions-runner'
[2025-12-01 09:25:06Z INFO HostContext] Well known config file 'Credentials': 'D:\Code\PythonProjects\my-baidu-scholar-crawler\actions-runner\.credentials'
[2025-12-01 09:25:06Z INFO ConfigurationStore] CredFilePath: D:\Code\PythonProjects\my-baidu-scholar-crawler\actions-runner\.credentials
[2025-12-01 09:25:06Z INFO HostContext] Well known directory 'Bin': 'D:\Code\PythonProjects\my-baidu-scholar-crawler\actions-runner\bin'
[2025-12-01 09:25:06Z INFO HostContext] Well known directory 'Root': 'D:\Code\PythonProjects\my-baidu-scholar-crawler\actions-runner'
[2025-12-01 09:25:06Z INFO HostContext] Well known config file 'MigratedCredentials': 'D:\Code\PythonProjects\my-baidu-scholar-crawler\actions-runner\.credentials_migrated'
[2025-12-01 09:25:06Z INFO ConfigurationStore] MigratedCredFilePath: D:\Code\PythonProjects\my-baidu-scholar-crawler\actions-runner\.credentials_migrated
[2025-12-01 09:25:06Z INFO HostContext] Well known directory 'Bin': 'D:\Code\PythonProjects\my-baidu-scholar-crawler\actions-runner\bin'
[2025-12-01 09:25:06Z INFO HostContext] Well known directory 'Root': 'D:\Code\PythonProjects\my-baidu-scholar-crawler\actions-runner'
[2025-12-01 09:25:06Z INFO HostContext] Well known config file 'Service': 'D:\Code\PythonProjects\my-baidu-scholar-crawler\actions-runner\.service'
[2025-12-01 09:25:06Z INFO ConfigurationStore] ServiceConfigFilePath: D:\Code\PythonProjects\my-baidu-scholar-crawler\actions-runner\.service
[2025-12-01 09:25:06Z INFO CommandSettings] Flag 'help': 'False'
[2025-12-01 09:25:06Z INFO CommandSettings] Flag 'version': 'False'
[2025-12-01 09:25:06Z INFO CommandSettings] Flag 'commit': 'False'
[2025-12-01 09:25:06Z INFO CommandSettings] Flag 'check': 'False'
[2025-12-01 09:25:06Z INFO CommandSettings] Command 'configure': 'False'
[2025-12-01 09:25:06Z INFO CommandSettings] Command 'remove': 'True'
[2025-12-01 09:25:06Z INFO CommandSettings] Flag 'local': 'False'
[2025-12-01 09:25:06Z INFO ConfigurationStore] IsServiceConfigured()
[2025-12-01 09:25:06Z INFO ConfigurationStore] IsServiceConfigured: False
[2025-12-01 09:25:06Z INFO ConfigurationStore] IsConfigured()
[2025-12-01 09:25:06Z INFO ConfigurationStore] IsConfigured: True
[2025-12-01 09:25:06Z INFO ConfigurationStore] HasCredentials()
[2025-12-01 09:25:06Z INFO ConfigurationStore] stored True
[2025-12-01 09:25:06Z INFO ConfigurationStore] Read setting file: 403 chars
[2025-12-01 09:25:06Z INFO CommandSettings] Arg 'token': ''
[2025-12-01 09:25:06Z INFO CommandSettings] Flag 'unattended': 'False'
[2025-12-01 09:25:06Z INFO PromptManager] ReadValue
[2025-12-01 09:25:06Z INFO Terminal] WRITE: Enter runner remove token: 
[2025-12-01 09:25:06Z INFO Terminal] READ SECRET
[2025-12-01 09:25:21Z INFO Terminal] Read value: '***'
[2025-12-01 09:25:22Z INFO ConfigurationManager] Http response code: OK from 'POST https://api.github.com/actions/runner-registration' (F991:3079B2:FE2E:11FB0:692D5F01)
[2025-12-01 09:25:22Z INFO ConfigurationManager] cred retrieved via GitHub auth
[2025-12-01 09:25:22Z INFO RunnerServer] EstablishVssConnection
[2025-12-01 09:25:22Z INFO RunnerServer] Establish connection with 100 seconds timeout.
[2025-12-01 09:25:22Z INFO GitHubActionsService] Starting operation Location.GetConnectionData
[2025-12-01 09:25:22Z INFO RunnerServer] EstablishVssConnection
[2025-12-01 09:25:22Z INFO RunnerServer] Establish connection with 60 seconds timeout.
[2025-12-01 09:25:22Z INFO GitHubActionsService] Starting operation Location.GetConnectionData
[2025-12-01 09:25:22Z INFO RunnerServer] EstablishVssConnection
[2025-12-01 09:25:22Z INFO RunnerServer] Establish connection with 60 seconds timeout.
[2025-12-01 09:25:22Z INFO GitHubActionsService] Starting operation Location.GetConnectionData
[2025-12-01 09:25:23Z INFO GitHubActionsService] Finished operation Location.GetConnectionData
[2025-12-01 09:25:23Z INFO GitHubActionsService] Finished operation Location.GetConnectionData
[2025-12-01 09:25:23Z INFO GitHubActionsService] Finished operation Location.GetConnectionData
[2025-12-01 09:25:24Z INFO Terminal] WRITE LINE: 
[2025-12-01 09:25:24Z INFO ConfigurationStore] IsConfigured()
[2025-12-01 09:25:24Z INFO ConfigurationStore] IsConfigured: True
[2025-12-01 09:25:24Z INFO ConfigurationStore] HasCredentials()
[2025-12-01 09:25:24Z INFO ConfigurationStore] stored True
[2025-12-01 09:25:24Z INFO HostContext] Well known directory 'Bin': 'D:\Code\PythonProjects\my-baidu-scholar-crawler\actions-runner\bin'
[2025-12-01 09:25:24Z INFO HostContext] Well known directory 'Root': 'D:\Code\PythonProjects\my-baidu-scholar-crawler\actions-runner'
[2025-12-01 09:25:24Z INFO HostContext] Well known config file 'RSACredentials': 'D:\Code\PythonProjects\my-baidu-scholar-crawler\actions-runner\.credentials_rsaparams'
[2025-12-01 09:25:24Z INFO RSAEncryptedFileKeyManager] Deleting RSA key parameters file D:\Code\PythonProjects\my-baidu-scholar-crawler\actions-runner\.credentials_rsaparams
[2025-12-01 09:25:24Z INFO Terminal] WRITE LINE: 
[2025-12-01 09:25:24Z INFO Listener] Runner execution has finished with return code 0
